<?xml version="1.0" encoding="UTF-8"?>
<!-- Generated by org.testng.reporters.JUnitReportReporter -->
<testsuite hostname="Salgar" failures="0" tests="1" name="test.Test_13" time="0.643" errors="0" timestamp="2025-05-31T12:33:18 IST" skipped="0">
  <testcase classname="test.Test_13" name="Test13" time="0.643"/>
  <system-out/>
</testsuite> <!-- test.Test_13 -->
