<?xml version="1.0" encoding="UTF-8"?>
<!-- Generated by org.testng.reporters.JUnitReportReporter -->
<testsuite hostname="Salgar" failures="0" tests="1" name="test.Test_12" time="6.424" errors="0" timestamp="2025-05-31T10:51:27 IST" skipped="0">
  <testcase classname="test.Test_12" name="Test12" time="6.424"/>
  <system-out/>
</testsuite> <!-- test.Test_12 -->
