<?xml version="1.0" encoding="UTF-8"?>
<!-- Generated by org.testng.reporters.JUnitReportReporter -->
<testsuite hostname="Salgar" failures="0" tests="1" name="test.Test6" time="19.458" errors="0" timestamp="2025-05-18T11:19:11 IST" skipped="0">
  <testcase classname="test.Test6" name="Test06" time="19.458"/>
  <system-out/>
</testsuite> <!-- test.Test6 -->
