<?xml version="1.0" encoding="UTF-8"?>
<!-- Generated by org.testng.reporters.JUnitReportReporter -->
<testsuite hostname="Salgar" failures="0" tests="2" name="test.Test1" time="0.028" errors="0" timestamp="2025-05-04T09:24:47 IST" skipped="0">
  <testcase classname="test.Test1" name="test" time="0.015"/>
  <system-out/>
  <testcase classname="test.Test1" name="test2" time="0.013"/>
  <system-out/>
</testsuite> <!-- test.Test1 -->
