<?xml version="1.0" encoding="UTF-8"?>
<!-- Generated by org.testng.reporters.JUnitReportReporter -->
<testsuite hostname="Salgar" failures="0" tests="1" name="test.Test5" time="1.378" errors="0" timestamp="2025-05-17T09:54:20 IST" skipped="0">
  <testcase classname="test.Test5" name="Test05" time="1.378"/>
  <system-out/>
</testsuite> <!-- test.Test5 -->
