<?xml version="1.0" encoding="UTF-8"?>
<!-- Generated by org.testng.reporters.JUnitReportReporter -->
<testsuite hostname="Salgar" failures="0" tests="1" name="test.Test8" time="5.010" errors="0" timestamp="2025-05-18T12:22:52 IST" skipped="0">
  <testcase classname="test.Test8" name="Test08" time="5.010"/>
  <system-out/>
</testsuite> <!-- test.Test8 -->
