<?xml version="1.0" encoding="UTF-8"?>
<!-- Generated by org.testng.reporters.JUnitReportReporter -->
<testsuite hostname="DESKTOP-MSDPE94" failures="0" tests="1" name="base.Base" time="0.028" errors="0" timestamp="2025-05-03T12:01:27 IST" skipped="0">
  <testcase classname="base.Base" name="test" time="0.028"/>
  <system-out/>
</testsuite> <!-- base.Base -->
