<?xml version="1.0" encoding="UTF-8"?>
<!-- Generated by org.testng.reporters.JUnitReportReporter -->
<testsuite hostname="DESKTOP-MSDPE94" failures="0" tests="3" name="testAnnotations.Annotations" time="0.015" errors="0" timestamp="2025-05-03T11:13:26 IST" skipped="0">
  <testcase classname="testAnnotations.Annotations" name="btest" time="0.004"/>
  <system-out/>
  <testcase classname="testAnnotations.Annotations" name="atest2" time="0.010"/>
  <system-out/>
  <testcase classname="testAnnotations.Annotations" name="atest3" time="0.001"/>
  <system-out/>
</testsuite> <!-- testAnnotations.Annotations -->
