<?xml version="1.0" encoding="UTF-8"?>
<!-- Generated by org.testng.reporters.JUnitReportReporter -->
<testsuite hostname="Salgar" failures="0" tests="1" name="test.Test7" time="18.693" errors="0" timestamp="2025-05-18T10:59:21 IST" skipped="0">
  <testcase classname="test.Test7" name="Test07" time="18.693"/>
  <system-out/>
</testsuite> <!-- test.Test7 -->
