<?xml version="1.0" encoding="UTF-8"?>
<!-- Generated by org.testng.reporters.JUnitReportReporter -->
<testsuite hostname="Salgar" failures="0" tests="3" name="test.Test4" time="14.795" errors="0" timestamp="2025-06-01T12:19:56 IST" skipped="0">
  <testcase classname="test.Test4" name="testFor400069" time="2.829"/>
  <system-out/>
  <testcase classname="test.Test4" name="testFor400068" time="8.789"/>
  <system-out/>
  <testcase classname="test.Test4" name="testFor400070" time="3.177"/>
  <system-out/>
</testsuite> <!-- test.Test4 -->
